0.969097912311554 0.833448052406311
0.8002544641494751 0.7850499749183655
0.7691937685012817 0.7657594680786133
0.7501938343048096 0.7476719617843628
0.7375593185424805 0.7380221486091614
0.7292490601539612 0.7304628491401672
0.7234785556793213 0.7257555723190308
0.7187687754631042 0.722817063331604
0.7148463129997253 0.719366729259491
0.7121697664260864 0.7211935520172119
0.7098771929740906 0.714282751083374
0.7075262665748596 0.7111089825630188
0.7052034139633179 0.7088014483451843
0.7037755250930786 0.7086039781570435
0.7024657130241394 0.7059062123298645
0.700654923915863 0.7089372873306274
0.6999058723449707 0.7038693428039551
0.6979718804359436 0.7034719586372375
0.6971107125282288 0.7027950882911682
0.6958346962928772 0.701323390007019
0.6946633458137512 0.6997465491294861
0.6941859722137451 0.6995431780815125
0.6936233043670654 0.6973429918289185
0.6922471523284912 0.6987106204032898
0.6915358304977417 0.7002201080322266
0.6913876533508301 0.6978402137756348
0.689733624458313 0.6954349875450134
0.6891289353370667 0.6945615410804749
0.688917875289917 0.6951864957809448
0.6885471343994141 0.6945881843566895
